2022-03-05 17:27:41.877611: I tensorflow/core/platform/cpu_feature_guard.cc:142] This TensorFlow binary is optimized with oneAPI Deep Neural Network Library (oneDNN) to use the following CPU instructions in performance-critical operations:  AVX2 AVX512F FMA
To enable them in other operations, rebuild TensorFlow with the appropriate compiler flags.
2022-03-05 17:27:42.845942: I tensorflow/core/common_runtime/gpu/gpu_device.cc:1510] Created device /job:localhost/replica:0/task:0/device:GPU:0 with 11323 MB memory:  -> device: 0, name: Tesla P100-PCIE-12GB, pci bus id: 0000:65:00.0, compute capability: 6.0
2022-03-05 17:28:29.360302: I tensorflow/compiler/mlir/mlir_graph_optimization_pass.cc:185] None of the MLIR Optimization Passes are enabled (registered 2)
WARNING:tensorflow:From /usr/local/lib/python3.6/dist-packages/tensorflow/python/util/dispatch.py:206: calling weighted_cross_entropy_with_logits (from tensorflow.python.ops.nn_impl) with targets is deprecated and will be removed in a future version.
Instructions for updating:
targets is deprecated, use labels instead
2022-03-05 17:28:31.037877: I tensorflow/stream_executor/cuda/cuda_dnn.cc:369] Loaded cuDNN version 8100
jetUps= (None, 30, 30, 2)
NNinputs= (None, 30, 30, 7)
ComplInput= (None, 30, 30, 9)
Model: "model"
__________________________________________________________________________________________________
Layer (type)                    Output Shape         Param #     Connected to                     
==================================================================================================
input_1 (InputLayer)            [(None, 1)]          0                                            
__________________________________________________________________________________________________
input_2 (InputLayer)            [(None, 1)]          0                                            
__________________________________________________________________________________________________
concatenate (Concatenate)       (None, 2)            0           input_1[0][0]                    
                                                                 input_2[0][0]                    
__________________________________________________________________________________________________
reshape (Reshape)               (None, 1, 1, 2)      0           concatenate[0][0]                
__________________________________________________________________________________________________
input_3 (InputLayer)            [(None, 30, 30, 7)]  0                                            
__________________________________________________________________________________________________
up_sampling2d (UpSampling2D)    (None, 30, 30, 2)    0           reshape[0][0]                    
__________________________________________________________________________________________________
concatenate_1 (Concatenate)     (None, 30, 30, 9)    0           input_3[0][0]                    
                                                                 up_sampling2d[0][0]              
__________________________________________________________________________________________________
conv2d (Conv2D)                 (None, 30, 30, 50)   22100       concatenate_1[0][0]              
__________________________________________________________________________________________________
conv2d_1 (Conv2D)               (None, 30, 30, 20)   25020       conv2d[0][0]                     
__________________________________________________________________________________________________
conv2d_2 (Conv2D)               (None, 30, 30, 20)   10020       conv2d_1[0][0]                   
__________________________________________________________________________________________________
conv2d_3 (Conv2D)               (None, 30, 30, 18)   9018        conv2d_2[0][0]                   
__________________________________________________________________________________________________
conv2d_4 (Conv2D)               (None, 30, 30, 18)   2934        conv2d_3[0][0]                   
__________________________________________________________________________________________________
conv2d_5 (Conv2D)               (None, 30, 30, 18)   2934        conv2d_4[0][0]                   
__________________________________________________________________________________________________
conv2d_9 (Conv2D)               (None, 30, 30, 12)   1956        conv2d_4[0][0]                   
__________________________________________________________________________________________________
conv2d_6 (Conv2D)               (None, 30, 30, 18)   2934        conv2d_5[0][0]                   
__________________________________________________________________________________________________
conv2d_10 (Conv2D)              (None, 30, 30, 9)    981         conv2d_9[0][0]                   
__________________________________________________________________________________________________
conv2d_7 (Conv2D)               (None, 30, 30, 18)   2934        conv2d_6[0][0]                   
__________________________________________________________________________________________________
conv2d_11 (Conv2D)              (None, 30, 30, 7)    574         conv2d_10[0][0]                  
__________________________________________________________________________________________________
conv2d_8 (Conv2D)               (None, 30, 30, 18)   2934        conv2d_7[0][0]                   
__________________________________________________________________________________________________
conv2d_12 (Conv2D)              (None, 30, 30, 6)    384         conv2d_11[0][0]                  
__________________________________________________________________________________________________
reshape_1 (Reshape)             (None, 30, 30, 3, 6) 0           conv2d_8[0][0]                   
__________________________________________________________________________________________________
reshape_2 (Reshape)             (None, 30, 30, 3, 2) 0           conv2d_12[0][0]                  
==================================================================================================
Total params: 84,723
Trainable params: 84,723
Non-trainable params: 0
__________________________________________________________________________________________________
number of  file= 273
number of file validation= 68
1
2
3
4
5
6
7
8
1
2
3
4
5
6
7
8
total number of events = 8341541
total number of events validation= 2079273
Number of Steps= 130336.578125
training: start
1
Epoch 41/190
1
6516/6516 - 621s - loss: 0.7489 - reshape_1_loss: 0.3206 - reshape_2_loss: 0.4283 - val_loss: 0.7474 - val_reshape_1_loss: 0.3217 - val_reshape_2_loss: 0.4257

Epoch 00041: saving model to weights.41-0.75.hdf5
Epoch 42/190
6516/6516 - 581s - loss: 0.7467 - reshape_1_loss: 0.3191 - reshape_2_loss: 0.4276 - val_loss: 0.7504 - val_reshape_1_loss: 0.3222 - val_reshape_2_loss: 0.4282

Epoch 00042: saving model to weights.42-0.75.hdf5
Epoch 43/190
2
2
6516/6516 - 642s - loss: 0.7466 - reshape_1_loss: 0.3195 - reshape_2_loss: 0.4271 - val_loss: 0.7430 - val_reshape_1_loss: 0.3167 - val_reshape_2_loss: 0.4263

Epoch 00043: saving model to weights.43-0.74.hdf5
Epoch 44/190
6516/6516 - 682s - loss: 0.7470 - reshape_1_loss: 0.3197 - reshape_2_loss: 0.4274 - val_loss: 0.7411 - val_reshape_1_loss: 0.3159 - val_reshape_2_loss: 0.4252

Epoch 00044: saving model to weights.44-0.74.hdf5
Epoch 45/190
6516/6516 - 720s - loss: 0.7480 - reshape_1_loss: 0.3203 - reshape_2_loss: 0.4277 - val_loss: 0.7459 - val_reshape_1_loss: 0.3196 - val_reshape_2_loss: 0.4263

Epoch 00045: saving model to weights.45-0.75.hdf5
Epoch 46/190
3
3
6516/6516 - 689s - loss: 0.7506 - reshape_1_loss: 0.3219 - reshape_2_loss: 0.4287 - val_loss: 0.7502 - val_reshape_1_loss: 0.3225 - val_reshape_2_loss: 0.4277

Epoch 00046: saving model to weights.46-0.75.hdf5
Epoch 47/190
6516/6516 - 656s - loss: 0.7488 - reshape_1_loss: 0.3208 - reshape_2_loss: 0.4280 - val_loss: 0.7466 - val_reshape_1_loss: 0.3215 - val_reshape_2_loss: 0.4251

Epoch 00047: saving model to weights.47-0.75.hdf5
Epoch 48/190
4
4
6516/6516 - 567s - loss: 0.7482 - reshape_1_loss: 0.3215 - reshape_2_loss: 0.4267 - val_loss: 0.7419 - val_reshape_1_loss: 0.3174 - val_reshape_2_loss: 0.4246

Epoch 00048: saving model to weights.48-0.74.hdf5
Epoch 49/190
6516/6516 - 452s - loss: 0.7445 - reshape_1_loss: 0.3189 - reshape_2_loss: 0.4256 - val_loss: 0.7490 - val_reshape_1_loss: 0.3224 - val_reshape_2_loss: 0.4266

Epoch 00049: saving model to weights.49-0.75.hdf5
Epoch 50/190
6516/6516 - 450s - loss: 0.7462 - reshape_1_loss: 0.3195 - reshape_2_loss: 0.4267 - val_loss: 0.7467 - val_reshape_1_loss: 0.3202 - val_reshape_2_loss: 0.4265

Epoch 00050: saving model to weights.50-0.75.hdf5
Epoch 51/190
5
5
6516/6516 - 468s - loss: 0.7443 - reshape_1_loss: 0.3184 - reshape_2_loss: 0.4259 - val_loss: 0.7482 - val_reshape_1_loss: 0.3215 - val_reshape_2_loss: 0.4267

Epoch 00051: saving model to weights.51-0.75.hdf5
Epoch 52/190
6516/6516 - 629s - loss: 0.7475 - reshape_1_loss: 0.3201 - reshape_2_loss: 0.4274 - val_loss: 0.7462 - val_reshape_1_loss: 0.3195 - val_reshape_2_loss: 0.4267

Epoch 00052: saving model to weights.52-0.75.hdf5
Epoch 53/190
6
6
6516/6516 - 652s - loss: 0.7449 - reshape_1_loss: 0.3193 - reshape_2_loss: 0.4256 - val_loss: 0.7482 - val_reshape_1_loss: 0.3219 - val_reshape_2_loss: 0.4263

Epoch 00053: saving model to weights.53-0.75.hdf5
Epoch 54/190
6516/6516 - 642s - loss: 0.7419 - reshape_1_loss: 0.3168 - reshape_2_loss: 0.4251 - val_loss: 0.7388 - val_reshape_1_loss: 0.3136 - val_reshape_2_loss: 0.4253

Epoch 00054: saving model to weights.54-0.74.hdf5
Epoch 55/190
6516/6516 - 634s - loss: 0.7466 - reshape_1_loss: 0.3198 - reshape_2_loss: 0.4268 - val_loss: 0.7552 - val_reshape_1_loss: 0.3249 - val_reshape_2_loss: 0.4304

Epoch 00055: saving model to weights.55-0.76.hdf5
Epoch 56/190
7
7
6516/6516 - 646s - loss: 0.7455 - reshape_1_loss: 0.3194 - reshape_2_loss: 0.4260 - val_loss: 0.7457 - val_reshape_1_loss: 0.3200 - val_reshape_2_loss: 0.4257

Epoch 00056: saving model to weights.56-0.75.hdf5
Epoch 57/190
6516/6516 - 628s - loss: 0.7440 - reshape_1_loss: 0.3190 - reshape_2_loss: 0.4251 - val_loss: 0.7491 - val_reshape_1_loss: 0.3213 - val_reshape_2_loss: 0.4278

Epoch 00057: saving model to weights.57-0.75.hdf5
Epoch 58/190
8
8
6516/6516 - 646s - loss: 0.7451 - reshape_1_loss: 0.3195 - reshape_2_loss: 0.4256 - val_loss: 0.7449 - val_reshape_1_loss: 0.3184 - val_reshape_2_loss: 0.4265

Epoch 00058: saving model to weights.58-0.74.hdf5
Epoch 59/190
6516/6516 - 633s - loss: 0.7423 - reshape_1_loss: 0.3175 - reshape_2_loss: 0.4248 - val_loss: 0.7416 - val_reshape_1_loss: 0.3167 - val_reshape_2_loss: 0.4248

Epoch 00059: saving model to weights.59-0.74.hdf5
Epoch 60/190
6516/6516 - 642s - loss: 0.7416 - reshape_1_loss: 0.3168 - reshape_2_loss: 0.4248 - val_loss: 0.7466 - val_reshape_1_loss: 0.3201 - val_reshape_2_loss: 0.4264

Epoch 00060: saving model to weights.60-0.75.hdf5
Epoch 61/190
1
1
6516/6516 - 626s - loss: 0.7432 - reshape_1_loss: 0.3184 - reshape_2_loss: 0.4248 - val_loss: 0.7423 - val_reshape_1_loss: 0.3196 - val_reshape_2_loss: 0.4227

Epoch 00061: saving model to weights.61-0.74.hdf5
Epoch 62/190
6516/6516 - 637s - loss: 0.7403 - reshape_1_loss: 0.3161 - reshape_2_loss: 0.4242 - val_loss: 0.7454 - val_reshape_1_loss: 0.3197 - val_reshape_2_loss: 0.4257

Epoch 00062: saving model to weights.62-0.75.hdf5
Epoch 63/190
2
2
6516/6516 - 647s - loss: 0.7407 - reshape_1_loss: 0.3166 - reshape_2_loss: 0.4241 - val_loss: 0.7380 - val_reshape_1_loss: 0.3148 - val_reshape_2_loss: 0.4231

Epoch 00063: saving model to weights.63-0.74.hdf5
Epoch 64/190
6516/6516 - 643s - loss: 0.7421 - reshape_1_loss: 0.3174 - reshape_2_loss: 0.4247 - val_loss: 0.7363 - val_reshape_1_loss: 0.3145 - val_reshape_2_loss: 0.4217

Epoch 00064: saving model to weights.64-0.74.hdf5
Epoch 65/190
6516/6516 - 641s - loss: 0.7427 - reshape_1_loss: 0.3178 - reshape_2_loss: 0.4249 - val_loss: 0.7385 - val_reshape_1_loss: 0.3150 - val_reshape_2_loss: 0.4235

Epoch 00065: saving model to weights.65-0.74.hdf5
Epoch 66/190
3
3
6516/6516 - 639s - loss: 0.7437 - reshape_1_loss: 0.3184 - reshape_2_loss: 0.4253 - val_loss: 0.7441 - val_reshape_1_loss: 0.3206 - val_reshape_2_loss: 0.4235

Epoch 00066: saving model to weights.66-0.74.hdf5
Epoch 67/190
6516/6516 - 640s - loss: 0.7457 - reshape_1_loss: 0.3201 - reshape_2_loss: 0.4256 - val_loss: 0.7396 - val_reshape_1_loss: 0.3172 - val_reshape_2_loss: 0.4223

Epoch 00067: saving model to weights.67-0.74.hdf5
Epoch 68/190
4
4
6516/6516 - 632s - loss: 0.7421 - reshape_1_loss: 0.3179 - reshape_2_loss: 0.4242 - val_loss: 0.7376 - val_reshape_1_loss: 0.3155 - val_reshape_2_loss: 0.4221

Epoch 00068: saving model to weights.68-0.74.hdf5
Epoch 69/190
6516/6516 - 626s - loss: 0.7412 - reshape_1_loss: 0.3176 - reshape_2_loss: 0.4237 - val_loss: 0.7449 - val_reshape_1_loss: 0.3203 - val_reshape_2_loss: 0.4247

Epoch 00069: saving model to weights.69-0.74.hdf5
Epoch 70/190
6516/6516 - 650s - loss: 0.7404 - reshape_1_loss: 0.3169 - reshape_2_loss: 0.4235 - val_loss: 0.7411 - val_reshape_1_loss: 0.3182 - val_reshape_2_loss: 0.4230

Epoch 00070: saving model to weights.70-0.74.hdf5
Epoch 71/190
5
5
6516/6516 - 646s - loss: 0.7406 - reshape_1_loss: 0.3170 - reshape_2_loss: 0.4235 - val_loss: 0.7466 - val_reshape_1_loss: 0.3208 - val_reshape_2_loss: 0.4258

Epoch 00071: saving model to weights.71-0.75.hdf5
Epoch 72/190
6516/6516 - 626s - loss: 0.7413 - reshape_1_loss: 0.3168 - reshape_2_loss: 0.4246 - val_loss: 0.7396 - val_reshape_1_loss: 0.3172 - val_reshape_2_loss: 0.4224

Epoch 00072: saving model to weights.72-0.74.hdf5
Epoch 73/190
6
6
6516/6516 - 636s - loss: 0.7410 - reshape_1_loss: 0.3175 - reshape_2_loss: 0.4234 - val_loss: 0.7412 - val_reshape_1_loss: 0.3181 - val_reshape_2_loss: 0.4232

Epoch 00073: saving model to weights.73-0.74.hdf5
Epoch 74/190
6516/6516 - 637s - loss: 0.7377 - reshape_1_loss: 0.3151 - reshape_2_loss: 0.4225 - val_loss: 0.7361 - val_reshape_1_loss: 0.3138 - val_reshape_2_loss: 0.4223

Epoch 00074: saving model to weights.74-0.74.hdf5
Epoch 75/190
6516/6516 - 628s - loss: 0.7420 - reshape_1_loss: 0.3177 - reshape_2_loss: 0.4243 - val_loss: 0.7427 - val_reshape_1_loss: 0.3175 - val_reshape_2_loss: 0.4253

Epoch 00075: saving model to weights.75-0.74.hdf5
Epoch 76/190
7
7
6516/6516 - 622s - loss: 0.7408 - reshape_1_loss: 0.3170 - reshape_2_loss: 0.4238 - val_loss: 0.7431 - val_reshape_1_loss: 0.3194 - val_reshape_2_loss: 0.4237

Epoch 00076: saving model to weights.76-0.74.hdf5
Epoch 77/190
6516/6516 - 642s - loss: 0.7405 - reshape_1_loss: 0.3178 - reshape_2_loss: 0.4227 - val_loss: 0.7429 - val_reshape_1_loss: 0.3182 - val_reshape_2_loss: 0.4247

Epoch 00077: saving model to weights.77-0.74.hdf5
Epoch 78/190
8
8
6516/6516 - 627s - loss: 0.7403 - reshape_1_loss: 0.3168 - reshape_2_loss: 0.4234 - val_loss: 0.7402 - val_reshape_1_loss: 0.3164 - val_reshape_2_loss: 0.4238

Epoch 00078: saving model to weights.78-0.74.hdf5
Epoch 79/190
6516/6516 - 638s - loss: 0.7395 - reshape_1_loss: 0.3165 - reshape_2_loss: 0.4230 - val_loss: 0.7385 - val_reshape_1_loss: 0.3151 - val_reshape_2_loss: 0.4234

Epoch 00079: saving model to weights.79-0.74.hdf5
Epoch 80/190
6516/6516 - 641s - loss: 0.7383 - reshape_1_loss: 0.3157 - reshape_2_loss: 0.4226 - val_loss: 0.7411 - val_reshape_1_loss: 0.3173 - val_reshape_2_loss: 0.4238

Epoch 00080: saving model to weights.80-0.74.hdf5
Epoch 81/190
1
1
6516/6516 - 644s - loss: 0.7381 - reshape_1_loss: 0.3156 - reshape_2_loss: 0.4225 - val_loss: 0.7388 - val_reshape_1_loss: 0.3180 - val_reshape_2_loss: 0.4208

Epoch 00081: saving model to weights.81-0.74.hdf5
Epoch 82/190
6516/6516 - 644s - loss: 0.7385 - reshape_1_loss: 0.3156 - reshape_2_loss: 0.4229 - val_loss: 0.7346 - val_reshape_1_loss: 0.3133 - val_reshape_2_loss: 0.4213

Epoch 00082: saving model to weights.82-0.73.hdf5
Epoch 83/190
2
2
6516/6516 - 641s - loss: 0.7354 - reshape_1_loss: 0.3133 - reshape_2_loss: 0.4222 - val_loss: 0.7421 - val_reshape_1_loss: 0.3170 - val_reshape_2_loss: 0.4251

Epoch 00083: saving model to weights.83-0.74.hdf5
Epoch 84/190
6516/6516 - 632s - loss: 0.7391 - reshape_1_loss: 0.3163 - reshape_2_loss: 0.4227 - val_loss: 0.7345 - val_reshape_1_loss: 0.3127 - val_reshape_2_loss: 0.4219

Epoch 00084: saving model to weights.84-0.73.hdf5
Epoch 85/190
6516/6516 - 638s - loss: 0.7385 - reshape_1_loss: 0.3157 - reshape_2_loss: 0.4227 - val_loss: 0.7362 - val_reshape_1_loss: 0.3154 - val_reshape_2_loss: 0.4208

Epoch 00085: saving model to weights.85-0.74.hdf5
Epoch 86/190
3
3
6516/6516 - 642s - loss: 0.7404 - reshape_1_loss: 0.3171 - reshape_2_loss: 0.4233 - val_loss: 0.7418 - val_reshape_1_loss: 0.3188 - val_reshape_2_loss: 0.4229

Epoch 00086: saving model to weights.86-0.74.hdf5
Epoch 87/190
6516/6516 - 644s - loss: 0.7426 - reshape_1_loss: 0.3182 - reshape_2_loss: 0.4244 - val_loss: 0.7370 - val_reshape_1_loss: 0.3168 - val_reshape_2_loss: 0.4203

Epoch 00087: saving model to weights.87-0.74.hdf5
Epoch 88/190
4
4
6516/6516 - 649s - loss: 0.7375 - reshape_1_loss: 0.3157 - reshape_2_loss: 0.4218 - val_loss: 0.7353 - val_reshape_1_loss: 0.3146 - val_reshape_2_loss: 0.4207

Epoch 00088: saving model to weights.88-0.74.hdf5
Epoch 89/190
6516/6516 - 635s - loss: 0.7378 - reshape_1_loss: 0.3161 - reshape_2_loss: 0.4217 - val_loss: 0.7357 - val_reshape_1_loss: 0.3153 - val_reshape_2_loss: 0.4204

Epoch 00089: saving model to weights.89-0.74.hdf5
Epoch 90/190
6516/6516 - 640s - loss: 0.7378 - reshape_1_loss: 0.3155 - reshape_2_loss: 0.4223 - val_loss: 0.7383 - val_reshape_1_loss: 0.3169 - val_reshape_2_loss: 0.4213

Epoch 00090: saving model to weights.90-0.74.hdf5
Epoch 91/190
5
5
6516/6516 - 665s - loss: 0.7377 - reshape_1_loss: 0.3159 - reshape_2_loss: 0.4217 - val_loss: 0.7475 - val_reshape_1_loss: 0.3211 - val_reshape_2_loss: 0.4264

Epoch 00091: saving model to weights.91-0.75.hdf5
Epoch 92/190
6516/6516 - 710s - loss: 0.7369 - reshape_1_loss: 0.3146 - reshape_2_loss: 0.4223 - val_loss: 0.7390 - val_reshape_1_loss: 0.3173 - val_reshape_2_loss: 0.4217

Epoch 00092: saving model to weights.92-0.74.hdf5
Epoch 93/190
6
6
6516/6516 - 696s - loss: 0.7382 - reshape_1_loss: 0.3161 - reshape_2_loss: 0.4221 - val_loss: 0.7375 - val_reshape_1_loss: 0.3166 - val_reshape_2_loss: 0.4209

Epoch 00093: saving model to weights.93-0.74.hdf5
Epoch 94/190
6516/6516 - 704s - loss: 0.7361 - reshape_1_loss: 0.3148 - reshape_2_loss: 0.4213 - val_loss: 0.7326 - val_reshape_1_loss: 0.3117 - val_reshape_2_loss: 0.4210

Epoch 00094: saving model to weights.94-0.73.hdf5
Epoch 95/190
6516/6516 - 673s - loss: 0.7368 - reshape_1_loss: 0.3146 - reshape_2_loss: 0.4221 - val_loss: 0.7424 - val_reshape_1_loss: 0.3170 - val_reshape_2_loss: 0.4253

Epoch 00095: saving model to weights.95-0.74.hdf5
Epoch 96/190
7
7
6516/6516 - 706s - loss: 0.7385 - reshape_1_loss: 0.3163 - reshape_2_loss: 0.4222 - val_loss: 0.7410 - val_reshape_1_loss: 0.3183 - val_reshape_2_loss: 0.4227

Epoch 00096: saving model to weights.96-0.74.hdf5
Epoch 97/190
6516/6516 - 687s - loss: 0.7370 - reshape_1_loss: 0.3156 - reshape_2_loss: 0.4213 - val_loss: 0.7354 - val_reshape_1_loss: 0.3149 - val_reshape_2_loss: 0.4205

Epoch 00097: saving model to weights.97-0.74.hdf5
Epoch 98/190
8
8
6516/6516 - 693s - loss: 0.7373 - reshape_1_loss: 0.3155 - reshape_2_loss: 0.4218 - val_loss: 0.7443 - val_reshape_1_loss: 0.3189 - val_reshape_2_loss: 0.4254

Epoch 00098: saving model to weights.98-0.74.hdf5
Epoch 99/190
6516/6516 - 694s - loss: 0.7364 - reshape_1_loss: 0.3155 - reshape_2_loss: 0.4208 - val_loss: 0.7356 - val_reshape_1_loss: 0.3132 - val_reshape_2_loss: 0.4225

Epoch 00099: saving model to weights.99-0.74.hdf5
Epoch 100/190
6516/6516 - 681s - loss: 0.7349 - reshape_1_loss: 0.3134 - reshape_2_loss: 0.4215 - val_loss: 0.7372 - val_reshape_1_loss: 0.3152 - val_reshape_2_loss: 0.4220

Epoch 00100: saving model to weights.100-0.74.hdf5
Epoch 101/190
1
1
6516/6516 - 716s - loss: 0.7350 - reshape_1_loss: 0.3142 - reshape_2_loss: 0.4208 - val_loss: 0.7380 - val_reshape_1_loss: 0.3166 - val_reshape_2_loss: 0.4213

Epoch 00101: saving model to weights.101-0.74.hdf5
Epoch 102/190
6516/6516 - 675s - loss: 0.7365 - reshape_1_loss: 0.3151 - reshape_2_loss: 0.4215 - val_loss: 0.7341 - val_reshape_1_loss: 0.3143 - val_reshape_2_loss: 0.4198

Epoch 00102: saving model to weights.102-0.73.hdf5
Epoch 103/190
6516/6516 - 706s - loss: 0.7319 - reshape_1_loss: 0.3113 - reshape_2_loss: 0.4206 - val_loss: 0.7360 - val_reshape_1_loss: 0.3148 - val_reshape_2_loss: 0.4212

Epoch 00103: saving model to weights.103-0.74.hdf5
Epoch 104/190
2
2
6516/6516 - 713s - loss: 0.7360 - reshape_1_loss: 0.3148 - reshape_2_loss: 0.4212 - val_loss: 0.7308 - val_reshape_1_loss: 0.3106 - val_reshape_2_loss: 0.4203

Epoch 00104: saving model to weights.104-0.73.hdf5
Epoch 105/190
6516/6516 - 700s - loss: 0.7359 - reshape_1_loss: 0.3147 - reshape_2_loss: 0.4212 - val_loss: 0.7341 - val_reshape_1_loss: 0.3147 - val_reshape_2_loss: 0.4194

Epoch 00105: saving model to weights.105-0.73.hdf5
Epoch 106/190
3
3
6516/6516 - 697s - loss: 0.7371 - reshape_1_loss: 0.3156 - reshape_2_loss: 0.4216 - val_loss: 0.7356 - val_reshape_1_loss: 0.3158 - val_reshape_2_loss: 0.4198

Epoch 00106: saving model to weights.106-0.74.hdf5
Epoch 107/190
6516/6516 - 686s - loss: 0.7389 - reshape_1_loss: 0.3163 - reshape_2_loss: 0.4226 - val_loss: 0.7324 - val_reshape_1_loss: 0.3141 - val_reshape_2_loss: 0.4183

Epoch 00107: saving model to weights.107-0.73.hdf5
Epoch 108/190
6516/6516 - 681s - loss: 0.7355 - reshape_1_loss: 0.3145 - reshape_2_loss: 0.4210 - val_loss: 0.7407 - val_reshape_1_loss: 0.3182 - val_reshape_2_loss: 0.4225

Epoch 00108: saving model to weights.108-0.74.hdf5
Epoch 109/190
4
4
6516/6516 - 654s - loss: 0.7350 - reshape_1_loss: 0.3150 - reshape_2_loss: 0.4200 - val_loss: 0.7310 - val_reshape_1_loss: 0.3129 - val_reshape_2_loss: 0.4180

Epoch 00109: saving model to weights.109-0.73.hdf5
Epoch 110/190
6516/6516 - 690s - loss: 0.7356 - reshape_1_loss: 0.3148 - reshape_2_loss: 0.4207 - val_loss: 0.7445 - val_reshape_1_loss: 0.3189 - val_reshape_2_loss: 0.4256

Epoch 00110: saving model to weights.110-0.74.hdf5
Epoch 111/190
5
5
6516/6516 - 703s - loss: 0.7348 - reshape_1_loss: 0.3144 - reshape_2_loss: 0.4204 - val_loss: 0.7375 - val_reshape_1_loss: 0.3158 - val_reshape_2_loss: 0.4217

Epoch 00111: saving model to weights.111-0.74.hdf5
Epoch 112/190
6516/6516 - 696s - loss: 0.7348 - reshape_1_loss: 0.3139 - reshape_2_loss: 0.4209 - val_loss: 0.7390 - val_reshape_1_loss: 0.3189 - val_reshape_2_loss: 0.4201

Epoch 00112: saving model to weights.112-0.74.hdf5
Epoch 113/190
6516/6516 - 679s - loss: 0.7362 - reshape_1_loss: 0.3149 - reshape_2_loss: 0.4213 - val_loss: 0.7339 - val_reshape_1_loss: 0.3139 - val_reshape_2_loss: 0.4200

Epoch 00113: saving model to weights.113-0.73.hdf5
Epoch 114/190
6
6
6516/6516 - 705s - loss: 0.7333 - reshape_1_loss: 0.3136 - reshape_2_loss: 0.4197 - val_loss: 0.7335 - val_reshape_1_loss: 0.3127 - val_reshape_2_loss: 0.4209

Epoch 00114: saving model to weights.114-0.73.hdf5
Epoch 115/190
6516/6516 - 697s - loss: 0.7330 - reshape_1_loss: 0.3128 - reshape_2_loss: 0.4202 - val_loss: 0.7353 - val_reshape_1_loss: 0.3129 - val_reshape_2_loss: 0.4224

Epoch 00115: saving model to weights.115-0.74.hdf5
Epoch 116/190
7
7
6516/6516 - 702s - loss: 0.7350 - reshape_1_loss: 0.3143 - reshape_2_loss: 0.4207 - val_loss: 0.7510 - val_reshape_1_loss: 0.3228 - val_reshape_2_loss: 0.4282

Epoch 00116: saving model to weights.116-0.75.hdf5
Epoch 117/190
6516/6516 - 693s - loss: 0.7355 - reshape_1_loss: 0.3154 - reshape_2_loss: 0.4201 - val_loss: 0.7337 - val_reshape_1_loss: 0.3152 - val_reshape_2_loss: 0.4185

Epoch 00117: saving model to weights.117-0.73.hdf5
Epoch 118/190
6516/6516 - 709s - loss: 0.7347 - reshape_1_loss: 0.3140 - reshape_2_loss: 0.4207 - val_loss: 0.7353 - val_reshape_1_loss: 0.3146 - val_reshape_2_loss: 0.4207

Epoch 00118: saving model to weights.118-0.74.hdf5
Epoch 119/190
8
8
6516/6516 - 715s - loss: 0.7340 - reshape_1_loss: 0.3148 - reshape_2_loss: 0.4192 - val_loss: 0.7316 - val_reshape_1_loss: 0.3108 - val_reshape_2_loss: 0.4207

Epoch 00119: saving model to weights.119-0.73.hdf5
Epoch 120/190
6516/6516 - 698s - loss: 0.7333 - reshape_1_loss: 0.3128 - reshape_2_loss: 0.4205 - val_loss: 0.7350 - val_reshape_1_loss: 0.3142 - val_reshape_2_loss: 0.4207

Epoch 00120: saving model to weights.120-0.73.hdf5
Epoch 121/190
1
1
6516/6516 - 677s - loss: 0.7325 - reshape_1_loss: 0.3126 - reshape_2_loss: 0.4198 - val_loss: 0.7331 - val_reshape_1_loss: 0.3141 - val_reshape_2_loss: 0.4190

Epoch 00121: saving model to weights.121-0.73.hdf5
Epoch 122/190
6516/6516 - 683s - loss: 0.7338 - reshape_1_loss: 0.3137 - reshape_2_loss: 0.4200 - val_loss: 0.7343 - val_reshape_1_loss: 0.3150 - val_reshape_2_loss: 0.4193

Epoch 00122: saving model to weights.122-0.73.hdf5
Epoch 123/190
6516/6516 - 662s - loss: 0.7317 - reshape_1_loss: 0.3119 - reshape_2_loss: 0.4198 - val_loss: 0.7344 - val_reshape_1_loss: 0.3140 - val_reshape_2_loss: 0.4204

Epoch 00123: saving model to weights.123-0.73.hdf5
Epoch 124/190
2
2
6516/6516 - 719s - loss: 0.7313 - reshape_1_loss: 0.3120 - reshape_2_loss: 0.4193 - val_loss: 0.7290 - val_reshape_1_loss: 0.3101 - val_reshape_2_loss: 0.4190

Epoch 00124: saving model to weights.124-0.73.hdf5
Epoch 125/190
6516/6516 - 697s - loss: 0.7345 - reshape_1_loss: 0.3146 - reshape_2_loss: 0.4199 - val_loss: 0.7293 - val_reshape_1_loss: 0.3108 - val_reshape_2_loss: 0.4185

Epoch 00125: saving model to weights.125-0.73.hdf5
Epoch 126/190
3
3
6516/6516 - 658s - loss: 0.7336 - reshape_1_loss: 0.3132 - reshape_2_loss: 0.4204 - val_loss: 0.7352 - val_reshape_1_loss: 0.3143 - val_reshape_2_loss: 0.4209

Epoch 00126: saving model to weights.126-0.74.hdf5
Epoch 127/190
6516/6516 - 686s - loss: 0.7373 - reshape_1_loss: 0.3157 - reshape_2_loss: 0.4216 - val_loss: 0.7378 - val_reshape_1_loss: 0.3192 - val_reshape_2_loss: 0.4187

Epoch 00127: saving model to weights.127-0.74.hdf5
Epoch 128/190
6516/6516 - 693s - loss: 0.7337 - reshape_1_loss: 0.3137 - reshape_2_loss: 0.4200 - val_loss: 0.7346 - val_reshape_1_loss: 0.3151 - val_reshape_2_loss: 0.4195

Epoch 00128: saving model to weights.128-0.73.hdf5
Epoch 129/190
4
4
6516/6516 - 715s - loss: 0.7341 - reshape_1_loss: 0.3151 - reshape_2_loss: 0.4189 - val_loss: 0.7300 - val_reshape_1_loss: 0.3128 - val_reshape_2_loss: 0.4172

Epoch 00129: saving model to weights.129-0.73.hdf5
Epoch 130/190
6516/6516 - 705s - loss: 0.7330 - reshape_1_loss: 0.3136 - reshape_2_loss: 0.4195 - val_loss: 0.7357 - val_reshape_1_loss: 0.3157 - val_reshape_2_loss: 0.4200

Epoch 00130: saving model to weights.130-0.74.hdf5
Epoch 131/190
5
5
6516/6516 - 668s - loss: 0.7327 - reshape_1_loss: 0.3132 - reshape_2_loss: 0.4195 - val_loss: 0.7345 - val_reshape_1_loss: 0.3148 - val_reshape_2_loss: 0.4197

Epoch 00131: saving model to weights.131-0.73.hdf5
Epoch 132/190
6516/6516 - 697s - loss: 0.7314 - reshape_1_loss: 0.3125 - reshape_2_loss: 0.4189 - val_loss: 0.7337 - val_reshape_1_loss: 0.3147 - val_reshape_2_loss: 0.4191

Epoch 00132: saving model to weights.132-0.73.hdf5
Epoch 133/190
6516/6516 - 701s - loss: 0.7343 - reshape_1_loss: 0.3137 - reshape_2_loss: 0.4206 - val_loss: 0.7339 - val_reshape_1_loss: 0.3152 - val_reshape_2_loss: 0.4186

Epoch 00133: saving model to weights.133-0.73.hdf5
Epoch 134/190
6
6
6516/6516 - 701s - loss: 0.7328 - reshape_1_loss: 0.3137 - reshape_2_loss: 0.4192 - val_loss: 0.7315 - val_reshape_1_loss: 0.3119 - val_reshape_2_loss: 0.4196

Epoch 00134: saving model to weights.134-0.73.hdf5
Epoch 135/190
6516/6516 - 701s - loss: 0.7295 - reshape_1_loss: 0.3111 - reshape_2_loss: 0.4184 - val_loss: 0.7282 - val_reshape_1_loss: 0.3095 - val_reshape_2_loss: 0.4186

Epoch 00135: saving model to weights.135-0.73.hdf5
Epoch 136/190
7
7
6516/6516 - 677s - loss: 0.7340 - reshape_1_loss: 0.3140 - reshape_2_loss: 0.4199 - val_loss: 0.7455 - val_reshape_1_loss: 0.3208 - val_reshape_2_loss: 0.4246

Epoch 00136: saving model to weights.136-0.75.hdf5
Epoch 137/190
6516/6516 - 705s - loss: 0.7335 - reshape_1_loss: 0.3142 - reshape_2_loss: 0.4193 - val_loss: 0.7348 - val_reshape_1_loss: 0.3160 - val_reshape_2_loss: 0.4188

Epoch 00137: saving model to weights.137-0.73.hdf5
Epoch 138/190
6516/6516 - 703s - loss: 0.7328 - reshape_1_loss: 0.3132 - reshape_2_loss: 0.4195 - val_loss: 0.7324 - val_reshape_1_loss: 0.3128 - val_reshape_2_loss: 0.4196

Epoch 00138: saving model to weights.138-0.73.hdf5
Epoch 139/190
8
8
6516/6516 - 679s - loss: 0.7322 - reshape_1_loss: 0.3137 - reshape_2_loss: 0.4184 - val_loss: 0.7284 - val_reshape_1_loss: 0.3092 - val_reshape_2_loss: 0.4193

Epoch 00139: saving model to weights.139-0.73.hdf5
Epoch 140/190
6516/6516 - 683s - loss: 0.7317 - reshape_1_loss: 0.3122 - reshape_2_loss: 0.4195 - val_loss: 0.7324 - val_reshape_1_loss: 0.3133 - val_reshape_2_loss: 0.4190

Epoch 00140: saving model to weights.140-0.73.hdf5
Epoch 141/190
1
1
6516/6516 - 714s - loss: 0.7311 - reshape_1_loss: 0.3125 - reshape_2_loss: 0.4186 - val_loss: 0.7349 - val_reshape_1_loss: 0.3135 - val_reshape_2_loss: 0.4214

Epoch 00141: saving model to weights.141-0.73.hdf5
Epoch 142/190
6516/6516 - 708s - loss: 0.7313 - reshape_1_loss: 0.3123 - reshape_2_loss: 0.4190 - val_loss: 0.7339 - val_reshape_1_loss: 0.3162 - val_reshape_2_loss: 0.4176

Epoch 00142: saving model to weights.142-0.73.hdf5
Epoch 143/190
6516/6516 - 700s - loss: 0.7293 - reshape_1_loss: 0.3106 - reshape_2_loss: 0.4186 - val_loss: 0.7301 - val_reshape_1_loss: 0.3118 - val_reshape_2_loss: 0.4183

Epoch 00143: saving model to weights.143-0.73.hdf5
Epoch 144/190
2
2
6516/6516 - 677s - loss: 0.7311 - reshape_1_loss: 0.3123 - reshape_2_loss: 0.4188 - val_loss: 0.7258 - val_reshape_1_loss: 0.3081 - val_reshape_2_loss: 0.4177

Epoch 00144: saving model to weights.144-0.73.hdf5
Epoch 145/190
6516/6516 - 690s - loss: 0.7319 - reshape_1_loss: 0.3131 - reshape_2_loss: 0.4188 - val_loss: 0.7291 - val_reshape_1_loss: 0.3115 - val_reshape_2_loss: 0.4177

Epoch 00145: saving model to weights.145-0.73.hdf5
Epoch 146/190
3
3
6516/6516 - 696s - loss: 0.7317 - reshape_1_loss: 0.3125 - reshape_2_loss: 0.4191 - val_loss: 0.7283 - val_reshape_1_loss: 0.3107 - val_reshape_2_loss: 0.4176

Epoch 00146: saving model to weights.146-0.73.hdf5
Epoch 147/190
6516/6516 - 693s - loss: 0.7356 - reshape_1_loss: 0.3149 - reshape_2_loss: 0.4207 - val_loss: 0.7385 - val_reshape_1_loss: 0.3188 - val_reshape_2_loss: 0.4197

Epoch 00147: saving model to weights.147-0.74.hdf5
Epoch 148/190
6516/6516 - 701s - loss: 0.7333 - reshape_1_loss: 0.3138 - reshape_2_loss: 0.4195 - val_loss: 0.7337 - val_reshape_1_loss: 0.3146 - val_reshape_2_loss: 0.4191

Epoch 00148: saving model to weights.148-0.73.hdf5
Epoch 149/190
4
4
6516/6516 - 697s - loss: 0.7322 - reshape_1_loss: 0.3139 - reshape_2_loss: 0.4183 - val_loss: 0.7237 - val_reshape_1_loss: 0.3087 - val_reshape_2_loss: 0.4150

Epoch 00149: saving model to weights.149-0.72.hdf5
Epoch 150/190
6516/6516 - 708s - loss: 0.7298 - reshape_1_loss: 0.3120 - reshape_2_loss: 0.4178 - val_loss: 0.7397 - val_reshape_1_loss: 0.3187 - val_reshape_2_loss: 0.4210

Epoch 00150: saving model to weights.150-0.74.hdf5
Epoch 151/190
5
5
6516/6516 - 680s - loss: 0.7320 - reshape_1_loss: 0.3131 - reshape_2_loss: 0.4190 - val_loss: 0.7312 - val_reshape_1_loss: 0.3130 - val_reshape_2_loss: 0.4182

Epoch 00151: saving model to weights.151-0.73.hdf5
Epoch 152/190
6516/6516 - 600s - loss: 0.7298 - reshape_1_loss: 0.3115 - reshape_2_loss: 0.4183 - val_loss: 0.7297 - val_reshape_1_loss: 0.3121 - val_reshape_2_loss: 0.4176

Epoch 00152: saving model to weights.152-0.73.hdf5
Epoch 153/190
6516/6516 - 702s - loss: 0.7312 - reshape_1_loss: 0.3122 - reshape_2_loss: 0.4190 - val_loss: 0.7311 - val_reshape_1_loss: 0.3134 - val_reshape_2_loss: 0.4177

Epoch 00153: saving model to weights.153-0.73.hdf5
Epoch 154/190
6
6
6516/6516 - 716s - loss: 0.7320 - reshape_1_loss: 0.3134 - reshape_2_loss: 0.4186 - val_loss: 0.7370 - val_reshape_1_loss: 0.3167 - val_reshape_2_loss: 0.4204

Epoch 00154: saving model to weights.154-0.74.hdf5
Epoch 155/190
6516/6516 - 694s - loss: 0.7281 - reshape_1_loss: 0.3105 - reshape_2_loss: 0.4177 - val_loss: 0.7217 - val_reshape_1_loss: 0.3054 - val_reshape_2_loss: 0.4163

Epoch 00155: saving model to weights.155-0.72.hdf5
Epoch 156/190
7
7
6516/6516 - 706s - loss: 0.7328 - reshape_1_loss: 0.3136 - reshape_2_loss: 0.4192 - val_loss: 0.7406 - val_reshape_1_loss: 0.3187 - val_reshape_2_loss: 0.4219

Epoch 00156: saving model to weights.156-0.74.hdf5
Epoch 157/190
6516/6516 - 709s - loss: 0.7315 - reshape_1_loss: 0.3129 - reshape_2_loss: 0.4185 - val_loss: 0.7316 - val_reshape_1_loss: 0.3136 - val_reshape_2_loss: 0.4180

Epoch 00157: saving model to weights.157-0.73.hdf5
Epoch 158/190
6516/6516 - 707s - loss: 0.7321 - reshape_1_loss: 0.3134 - reshape_2_loss: 0.4187 - val_loss: 0.7280 - val_reshape_1_loss: 0.3109 - val_reshape_2_loss: 0.4172

Epoch 00158: saving model to weights.158-0.73.hdf5
Epoch 159/190
8
8
6516/6516 - 708s - loss: 0.7305 - reshape_1_loss: 0.3126 - reshape_2_loss: 0.4179 - val_loss: 0.7277 - val_reshape_1_loss: 0.3092 - val_reshape_2_loss: 0.4186

Epoch 00159: saving model to weights.159-0.73.hdf5
Epoch 160/190
6516/6516 - 697s - loss: 0.7298 - reshape_1_loss: 0.3114 - reshape_2_loss: 0.4185 - val_loss: 0.7328 - val_reshape_1_loss: 0.3138 - val_reshape_2_loss: 0.4190

Epoch 00160: saving model to weights.160-0.73.hdf5
Epoch 161/190
1
1
6516/6516 - 681s - loss: 0.7291 - reshape_1_loss: 0.3111 - reshape_2_loss: 0.4180 - val_loss: 0.7322 - val_reshape_1_loss: 0.3134 - val_reshape_2_loss: 0.4189

Epoch 00161: saving model to weights.161-0.73.hdf5
Epoch 162/190
6516/6516 - 710s - loss: 0.7303 - reshape_1_loss: 0.3119 - reshape_2_loss: 0.4183 - val_loss: 0.7279 - val_reshape_1_loss: 0.3126 - val_reshape_2_loss: 0.4153

Epoch 00162: saving model to weights.162-0.73.hdf5
Epoch 163/190
6516/6516 - 702s - loss: 0.7286 - reshape_1_loss: 0.3107 - reshape_2_loss: 0.4179 - val_loss: 0.7318 - val_reshape_1_loss: 0.3136 - val_reshape_2_loss: 0.4182

Epoch 00163: saving model to weights.163-0.73.hdf5
Epoch 164/190
2
2
6516/6516 - 686s - loss: 0.7289 - reshape_1_loss: 0.3113 - reshape_2_loss: 0.4177 - val_loss: 0.7258 - val_reshape_1_loss: 0.3088 - val_reshape_2_loss: 0.4170

Epoch 00164: saving model to weights.164-0.73.hdf5
Epoch 165/190
6516/6516 - 707s - loss: 0.7298 - reshape_1_loss: 0.3116 - reshape_2_loss: 0.4182 - val_loss: 0.7251 - val_reshape_1_loss: 0.3084 - val_reshape_2_loss: 0.4167

Epoch 00165: saving model to weights.165-0.73.hdf5
Epoch 166/190
6516/6516 - 692s - loss: 0.7309 - reshape_1_loss: 0.3123 - reshape_2_loss: 0.4186 - val_loss: 0.7252 - val_reshape_1_loss: 0.3099 - val_reshape_2_loss: 0.4153

Epoch 00166: saving model to weights.166-0.73.hdf5
Epoch 167/190
3
3
6516/6516 - 700s - loss: 0.7340 - reshape_1_loss: 0.3140 - reshape_2_loss: 0.4199 - val_loss: 0.7309 - val_reshape_1_loss: 0.3134 - val_reshape_2_loss: 0.4175

Epoch 00167: saving model to weights.167-0.73.hdf5
Epoch 168/190
6516/6516 - 707s - loss: 0.7319 - reshape_1_loss: 0.3130 - reshape_2_loss: 0.4189 - val_loss: 0.7303 - val_reshape_1_loss: 0.3136 - val_reshape_2_loss: 0.4167

Epoch 00168: saving model to weights.168-0.73.hdf5
Epoch 169/190
4
4
6516/6516 - 698s - loss: 0.7315 - reshape_1_loss: 0.3137 - reshape_2_loss: 0.4178 - val_loss: 0.7264 - val_reshape_1_loss: 0.3109 - val_reshape_2_loss: 0.4156

Epoch 00169: saving model to weights.169-0.73.hdf5
Epoch 170/190
6516/6516 - 702s - loss: 0.7284 - reshape_1_loss: 0.3114 - reshape_2_loss: 0.4170 - val_loss: 0.7326 - val_reshape_1_loss: 0.3142 - val_reshape_2_loss: 0.4184

Epoch 00170: saving model to weights.170-0.73.hdf5
Epoch 171/190
6516/6516 - 691s - loss: 0.7303 - reshape_1_loss: 0.3122 - reshape_2_loss: 0.4181 - val_loss: 0.7291 - val_reshape_1_loss: 0.3117 - val_reshape_2_loss: 0.4174

Epoch 00171: saving model to weights.171-0.73.hdf5
Epoch 172/190
5
5
6516/6516 - 670s - loss: 0.7286 - reshape_1_loss: 0.3111 - reshape_2_loss: 0.4175 - val_loss: 0.7325 - val_reshape_1_loss: 0.3140 - val_reshape_2_loss: 0.4185

Epoch 00172: saving model to weights.172-0.73.hdf5
Epoch 173/190
6516/6516 - 603s - loss: 0.7320 - reshape_1_loss: 0.3128 - reshape_2_loss: 0.4192 - val_loss: 0.7288 - val_reshape_1_loss: 0.3119 - val_reshape_2_loss: 0.4169

Epoch 00173: saving model to weights.173-0.73.hdf5
Epoch 174/190
6
6
6516/6516 - 576s - loss: 0.7294 - reshape_1_loss: 0.3122 - reshape_2_loss: 0.4173 - val_loss: 0.7342 - val_reshape_1_loss: 0.3149 - val_reshape_2_loss: 0.4193

Epoch 00174: saving model to weights.174-0.73.hdf5
Epoch 175/190
6516/6516 - 588s - loss: 0.7267 - reshape_1_loss: 0.3097 - reshape_2_loss: 0.4170 - val_loss: 0.7239 - val_reshape_1_loss: 0.3070 - val_reshape_2_loss: 0.4169

Epoch 00175: saving model to weights.175-0.72.hdf5
Epoch 176/190
6516/6516 - 593s - loss: 0.7315 - reshape_1_loss: 0.3128 - reshape_2_loss: 0.4187 - val_loss: 0.7382 - val_reshape_1_loss: 0.3168 - val_reshape_2_loss: 0.4213

Epoch 00176: saving model to weights.176-0.74.hdf5
Epoch 177/190
7
7
6516/6516 - 613s - loss: 0.7307 - reshape_1_loss: 0.3125 - reshape_2_loss: 0.4182 - val_loss: 0.7327 - val_reshape_1_loss: 0.3143 - val_reshape_2_loss: 0.4184

Epoch 00177: saving model to weights.177-0.73.hdf5
Epoch 178/190
6516/6516 - 614s - loss: 0.7292 - reshape_1_loss: 0.3121 - reshape_2_loss: 0.4171 - val_loss: 0.7276 - val_reshape_1_loss: 0.3105 - val_reshape_2_loss: 0.4170

Epoch 00178: saving model to weights.178-0.73.hdf5
Epoch 179/190
8
8
6516/6516 - 628s - loss: 0.7308 - reshape_1_loss: 0.3127 - reshape_2_loss: 0.4181 - val_loss: 0.7275 - val_reshape_1_loss: 0.3096 - val_reshape_2_loss: 0.4178

Epoch 00179: saving model to weights.179-0.73.hdf5
Epoch 180/190
6516/6516 - 628s - loss: 0.7282 - reshape_1_loss: 0.3108 - reshape_2_loss: 0.4174 - val_loss: 0.7294 - val_reshape_1_loss: 0.3111 - val_reshape_2_loss: 0.4183

Epoch 00180: saving model to weights.180-0.73.hdf5
Epoch 181/190
6516/6516 - 617s - loss: 0.7276 - reshape_1_loss: 0.3102 - reshape_2_loss: 0.4174 - val_loss: 0.7323 - val_reshape_1_loss: 0.3137 - val_reshape_2_loss: 0.4186

Epoch 00181: saving model to weights.181-0.73.hdf5
Epoch 182/190
1
1
6516/6516 - 643s - loss: 0.7295 - reshape_1_loss: 0.3119 - reshape_2_loss: 0.4176 - val_loss: 0.7287 - val_reshape_1_loss: 0.3136 - val_reshape_2_loss: 0.4151

Epoch 00182: saving model to weights.182-0.73.hdf5
Epoch 183/190
6516/6516 - 631s - loss: 0.7272 - reshape_1_loss: 0.3099 - reshape_2_loss: 0.4173 - val_loss: 0.7280 - val_reshape_1_loss: 0.3107 - val_reshape_2_loss: 0.4172

Epoch 00183: saving model to weights.183-0.73.hdf5
Epoch 184/190
2
2
6516/6516 - 635s - loss: 0.7274 - reshape_1_loss: 0.3104 - reshape_2_loss: 0.4170 - val_loss: 0.7256 - val_reshape_1_loss: 0.3088 - val_reshape_2_loss: 0.4169

Epoch 00184: saving model to weights.184-0.73.hdf5
Epoch 185/190
6516/6516 - 627s - loss: 0.7288 - reshape_1_loss: 0.3110 - reshape_2_loss: 0.4177 - val_loss: 0.7229 - val_reshape_1_loss: 0.3078 - val_reshape_2_loss: 0.4151

Epoch 00185: saving model to weights.185-0.72.hdf5
Epoch 186/190
6516/6516 - 613s - loss: 0.7296 - reshape_1_loss: 0.3116 - reshape_2_loss: 0.4180 - val_loss: 0.7306 - val_reshape_1_loss: 0.3122 - val_reshape_2_loss: 0.4184

Epoch 00186: saving model to weights.186-0.73.hdf5
Epoch 187/190
3
3
6516/6516 - 644s - loss: 0.7308 - reshape_1_loss: 0.3123 - reshape_2_loss: 0.4185 - val_loss: 0.7314 - val_reshape_1_loss: 0.3137 - val_reshape_2_loss: 0.4177

Epoch 00187: saving model to weights.187-0.73.hdf5
Epoch 188/190
6516/6516 - 623s - loss: 0.7328 - reshape_1_loss: 0.3141 - reshape_2_loss: 0.4188 - val_loss: 0.7277 - val_reshape_1_loss: 0.3120 - val_reshape_2_loss: 0.4157

Epoch 00188: saving model to weights.188-0.73.hdf5
Epoch 189/190
4
4
6516/6516 - 643s - loss: 0.7294 - reshape_1_loss: 0.3119 - reshape_2_loss: 0.4175 - val_loss: 0.7255 - val_reshape_1_loss: 0.3103 - val_reshape_2_loss: 0.4152

Epoch 00189: saving model to weights.189-0.73.hdf5
Epoch 190/190
6516/6516 - 617s - loss: 0.7286 - reshape_1_loss: 0.3116 - reshape_2_loss: 0.4170 - val_loss: 0.7292 - val_reshape_1_loss: 0.3132 - val_reshape_2_loss: 0.4159

Epoch 00190: saving model to weights.190-0.73.hdf5
done running; now save
training: completed
