2022-03-03 21:51:13.795703: I tensorflow/core/platform/cpu_feature_guard.cc:142] This TensorFlow binary is optimized with oneAPI Deep Neural Network Library (oneDNN) to use the following CPU instructions in performance-critical operations:  AVX2 AVX512F FMA
To enable them in other operations, rebuild TensorFlow with the appropriate compiler flags.
2022-03-03 21:51:14.915933: I tensorflow/core/common_runtime/gpu/gpu_device.cc:1510] Created device /job:localhost/replica:0/task:0/device:GPU:0 with 11323 MB memory:  -> device: 0, name: Tesla P100-PCIE-12GB, pci bus id: 0000:65:00.0, compute capability: 6.0
2022-03-03 21:52:01.856037: I tensorflow/compiler/mlir/mlir_graph_optimization_pass.cc:185] None of the MLIR Optimization Passes are enabled (registered 2)
/usr/local/lib/python3.6/dist-packages/keras/optimizer_v2/optimizer_v2.py:356: UserWarning: The `lr` argument is deprecated, use `learning_rate` instead.
  "The `lr` argument is deprecated, use `learning_rate` instead.")
WARNING:tensorflow:From /usr/local/lib/python3.6/dist-packages/tensorflow/python/util/dispatch.py:206: calling weighted_cross_entropy_with_logits (from tensorflow.python.ops.nn_impl) with targets is deprecated and will be removed in a future version.
Instructions for updating:
targets is deprecated, use labels instead
jetUps= (None, 30, 30, 2)
NNinputs= (None, 30, 30, 7)
ComplInput= (None, 30, 30, 9)
Model: "model"
__________________________________________________________________________________________________
Layer (type)                    Output Shape         Param #     Connected to                     
==================================================================================================
input_1 (InputLayer)            [(None, 1)]          0                                            
__________________________________________________________________________________________________
input_2 (InputLayer)            [(None, 1)]          0                                            
__________________________________________________________________________________________________
concatenate (Concatenate)       (None, 2)            0           input_1[0][0]                    
                                                                 input_2[0][0]                    
__________________________________________________________________________________________________
reshape (Reshape)               (None, 1, 1, 2)      0           concatenate[0][0]                
__________________________________________________________________________________________________
input_3 (InputLayer)            [(None, 30, 30, 7)]  0                                            
__________________________________________________________________________________________________
up_sampling2d (UpSampling2D)    (None, 30, 30, 2)    0           reshape[0][0]                    
__________________________________________________________________________________________________
concatenate_1 (Concatenate)     (None, 30, 30, 9)    0           input_3[0][0]                    
                                                                 up_sampling2d[0][0]              
__________________________________________________________________________________________________
conv2d (Conv2D)                 (None, 30, 30, 50)   22100       concatenate_1[0][0]              
__________________________________________________________________________________________________
conv2d_1 (Conv2D)               (None, 30, 30, 20)   25020       conv2d[0][0]                     
__________________________________________________________________________________________________
conv2d_2 (Conv2D)               (None, 30, 30, 20)   10020       conv2d_1[0][0]                   
__________________________________________________________________________________________________
conv2d_3 (Conv2D)               (None, 30, 30, 18)   9018        conv2d_2[0][0]                   
__________________________________________________________________________________________________
conv2d_4 (Conv2D)               (None, 30, 30, 18)   2934        conv2d_3[0][0]                   
__________________________________________________________________________________________________
conv2d_5 (Conv2D)               (None, 30, 30, 18)   2934        conv2d_4[0][0]                   
__________________________________________________________________________________________________
conv2d_9 (Conv2D)               (None, 30, 30, 12)   1956        conv2d_4[0][0]                   
__________________________________________________________________________________________________
conv2d_6 (Conv2D)               (None, 30, 30, 18)   2934        conv2d_5[0][0]                   
__________________________________________________________________________________________________
conv2d_10 (Conv2D)              (None, 30, 30, 9)    981         conv2d_9[0][0]                   
__________________________________________________________________________________________________
conv2d_7 (Conv2D)               (None, 30, 30, 18)   2934        conv2d_6[0][0]                   
__________________________________________________________________________________________________
conv2d_11 (Conv2D)              (None, 30, 30, 7)    574         conv2d_10[0][0]                  
__________________________________________________________________________________________________
conv2d_8 (Conv2D)               (None, 30, 30, 18)   2934        conv2d_7[0][0]                   
__________________________________________________________________________________________________
conv2d_12 (Conv2D)              (None, 30, 30, 6)    384         conv2d_11[0][0]                  
__________________________________________________________________________________________________
reshape_1 (Reshape)             (None, 30, 30, 3, 6) 0           conv2d_8[0][0]                   
__________________________________________________________________________________________________
reshape_2 (Reshape)             (None, 30, 30, 3, 2) 0           conv2d_12[0][0]                  
==================================================================================================
Total params: 84,723
Trainable params: 84,723
Non-trainable params: 0
__________________________________________________________________________________________________
number of  file= 273
number of file validation= 68
1
2
3
4
5
6
7
8
1
2
3
4
5
6
7
8
total number of events = 8341541
total number of events validation= 2079273
Number of Steps= 130336.578125
training: start
1
Epoch 1/10
2022-03-03 21:52:04.042332: I tensorflow/stream_executor/cuda/cuda_dnn.cc:369] Loaded cuDNN version 8100
1
6516/6516 - 223s - loss: 1.4480 - reshape_1_loss: 0.7105 - reshape_2_loss: 0.7375 - val_loss: 0.9695 - val_reshape_1_loss: 0.4191 - val_reshape_2_loss: 0.5503

Epoch 00001: saving model to weights.01-0.97.hdf5
Epoch 2/10
6516/6516 - 291s - loss: 0.9123 - reshape_1_loss: 0.3999 - reshape_2_loss: 0.5124 - val_loss: 0.8766 - val_reshape_1_loss: 0.3803 - val_reshape_2_loss: 0.4963

Epoch 00002: saving model to weights.02-0.88.hdf5
Epoch 3/10
6516/6516 - 278s - loss: 0.8568 - reshape_1_loss: 0.3771 - reshape_2_loss: 0.4797 - val_loss: 0.8381 - val_reshape_1_loss: 0.3608 - val_reshape_2_loss: 0.4773

Epoch 00003: saving model to weights.03-0.84.hdf5
Epoch 4/10
6516/6516 - 284s - loss: 0.8242 - reshape_1_loss: 0.3558 - reshape_2_loss: 0.4684 - val_loss: 0.8176 - val_reshape_1_loss: 0.3514 - val_reshape_2_loss: 0.4662

Epoch 00004: saving model to weights.04-0.82.hdf5
Epoch 5/10
6516/6516 - 304s - loss: 0.8151 - reshape_1_loss: 0.3521 - reshape_2_loss: 0.4630 - val_loss: 0.8134 - val_reshape_1_loss: 0.3491 - val_reshape_2_loss: 0.4643

Epoch 00005: saving model to weights.05-0.81.hdf5
Epoch 6/10
6516/6516 - 283s - loss: 0.8137 - reshape_1_loss: 0.3531 - reshape_2_loss: 0.4606 - val_loss: 0.8003 - val_reshape_1_loss: 0.3445 - val_reshape_2_loss: 0.4558

Epoch 00006: saving model to weights.06-0.80.hdf5
Epoch 7/10
6516/6516 - 283s - loss: 0.7980 - reshape_1_loss: 0.3468 - reshape_2_loss: 0.4512 - val_loss: 0.7983 - val_reshape_1_loss: 0.3427 - val_reshape_2_loss: 0.4556

Epoch 00007: saving model to weights.07-0.80.hdf5
Epoch 8/10
6516/6516 - 290s - loss: 0.7918 - reshape_1_loss: 0.3419 - reshape_2_loss: 0.4499 - val_loss: 0.7901 - val_reshape_1_loss: 0.3374 - val_reshape_2_loss: 0.4527

Epoch 00008: saving model to weights.08-0.79.hdf5
Epoch 9/10
6516/6516 - 287s - loss: 0.7793 - reshape_1_loss: 0.3352 - reshape_2_loss: 0.4440 - val_loss: 0.7852 - val_reshape_1_loss: 0.3357 - val_reshape_2_loss: 0.4494

Epoch 00009: saving model to weights.09-0.79.hdf5
Epoch 10/10
6516/6516 - 269s - loss: 0.7832 - reshape_1_loss: 0.3370 - reshape_2_loss: 0.4461 - val_loss: 0.7897 - val_reshape_1_loss: 0.3389 - val_reshape_2_loss: 0.4508

Epoch 00010: saving model to weights.10-0.79.hdf5
done running; now save
training: completed
