2022-03-08 17:36:15.364468: I tensorflow/core/platform/cpu_feature_guard.cc:142] This TensorFlow binary is optimized with oneAPI Deep Neural Network Library (oneDNN) to use the following CPU instructions in performance-critical operations:  AVX2 AVX512F FMA
To enable them in other operations, rebuild TensorFlow with the appropriate compiler flags.
2022-03-08 17:36:16.376276: I tensorflow/core/common_runtime/gpu/gpu_device.cc:1510] Created device /job:localhost/replica:0/task:0/device:GPU:0 with 11323 MB memory:  -> device: 0, name: Tesla P100-PCIE-12GB, pci bus id: 0000:65:00.0, compute capability: 6.0
2022-03-08 17:37:04.090240: I tensorflow/compiler/mlir/mlir_graph_optimization_pass.cc:185] None of the MLIR Optimization Passes are enabled (registered 2)
WARNING:tensorflow:From /usr/local/lib/python3.6/dist-packages/tensorflow/python/util/dispatch.py:206: calling weighted_cross_entropy_with_logits (from tensorflow.python.ops.nn_impl) with targets is deprecated and will be removed in a future version.
Instructions for updating:
targets is deprecated, use labels instead
2022-03-08 17:37:05.889652: I tensorflow/stream_executor/cuda/cuda_dnn.cc:369] Loaded cuDNN version 8100
jetUps= (None, 30, 30, 2)
NNinputs= (None, 30, 30, 7)
ComplInput= (None, 30, 30, 9)
Model: "model"
__________________________________________________________________________________________________
Layer (type)                    Output Shape         Param #     Connected to                     
==================================================================================================
input_1 (InputLayer)            [(None, 1)]          0                                            
__________________________________________________________________________________________________
input_2 (InputLayer)            [(None, 1)]          0                                            
__________________________________________________________________________________________________
concatenate (Concatenate)       (None, 2)            0           input_1[0][0]                    
                                                                 input_2[0][0]                    
__________________________________________________________________________________________________
reshape (Reshape)               (None, 1, 1, 2)      0           concatenate[0][0]                
__________________________________________________________________________________________________
input_3 (InputLayer)            [(None, 30, 30, 7)]  0                                            
__________________________________________________________________________________________________
up_sampling2d (UpSampling2D)    (None, 30, 30, 2)    0           reshape[0][0]                    
__________________________________________________________________________________________________
concatenate_1 (Concatenate)     (None, 30, 30, 9)    0           input_3[0][0]                    
                                                                 up_sampling2d[0][0]              
__________________________________________________________________________________________________
conv2d (Conv2D)                 (None, 30, 30, 50)   22100       concatenate_1[0][0]              
__________________________________________________________________________________________________
conv2d_1 (Conv2D)               (None, 30, 30, 20)   25020       conv2d[0][0]                     
__________________________________________________________________________________________________
conv2d_2 (Conv2D)               (None, 30, 30, 20)   10020       conv2d_1[0][0]                   
__________________________________________________________________________________________________
conv2d_3 (Conv2D)               (None, 30, 30, 18)   9018        conv2d_2[0][0]                   
__________________________________________________________________________________________________
conv2d_4 (Conv2D)               (None, 30, 30, 18)   2934        conv2d_3[0][0]                   
__________________________________________________________________________________________________
conv2d_5 (Conv2D)               (None, 30, 30, 18)   2934        conv2d_4[0][0]                   
__________________________________________________________________________________________________
conv2d_9 (Conv2D)               (None, 30, 30, 12)   1956        conv2d_4[0][0]                   
__________________________________________________________________________________________________
conv2d_6 (Conv2D)               (None, 30, 30, 18)   2934        conv2d_5[0][0]                   
__________________________________________________________________________________________________
conv2d_10 (Conv2D)              (None, 30, 30, 9)    981         conv2d_9[0][0]                   
__________________________________________________________________________________________________
conv2d_7 (Conv2D)               (None, 30, 30, 18)   2934        conv2d_6[0][0]                   
__________________________________________________________________________________________________
conv2d_11 (Conv2D)              (None, 30, 30, 7)    574         conv2d_10[0][0]                  
__________________________________________________________________________________________________
conv2d_8 (Conv2D)               (None, 30, 30, 18)   2934        conv2d_7[0][0]                   
__________________________________________________________________________________________________
conv2d_12 (Conv2D)              (None, 30, 30, 6)    384         conv2d_11[0][0]                  
__________________________________________________________________________________________________
reshape_1 (Reshape)             (None, 30, 30, 3, 6) 0           conv2d_8[0][0]                   
__________________________________________________________________________________________________
reshape_2 (Reshape)             (None, 30, 30, 3, 2) 0           conv2d_12[0][0]                  
==================================================================================================
Total params: 84,723
Trainable params: 84,723
Non-trainable params: 0
__________________________________________________________________________________________________
number of  file= 273
number of file validation= 68
total number of events = 8341541
total number of events validation= 2079273
Number of Steps= 130336.578125
training: start
Epoch 240/246
13033/13033 - 3840s - loss: 0.7210 - reshape_1_loss: 0.3070 - reshape_2_loss: 0.4140 - val_loss: 0.7225 - val_reshape_1_loss: 0.3084 - val_reshape_2_loss: 0.4142

Epoch 00240: saving model to weights.240-0.72.hdf5
Epoch 241/246
13033/13033 - 3895s - loss: 0.7209 - reshape_1_loss: 0.3071 - reshape_2_loss: 0.4138 - val_loss: 0.7226 - val_reshape_1_loss: 0.3084 - val_reshape_2_loss: 0.4142

Epoch 00241: saving model to weights.241-0.72.hdf5
Epoch 242/246
13033/13033 - 3945s - loss: 0.7242 - reshape_1_loss: 0.3089 - reshape_2_loss: 0.4152 - val_loss: 0.7226 - val_reshape_1_loss: 0.3084 - val_reshape_2_loss: 0.4142

Epoch 00242: saving model to weights.242-0.72.hdf5
Epoch 243/246
13033/13033 - 3915s - loss: 0.7235 - reshape_1_loss: 0.3092 - reshape_2_loss: 0.4143 - val_loss: 0.7226 - val_reshape_1_loss: 0.3084 - val_reshape_2_loss: 0.4142

Epoch 00243: saving model to weights.243-0.72.hdf5
Epoch 244/246
13033/13033 - 3882s - loss: 0.7211 - reshape_1_loss: 0.3076 - reshape_2_loss: 0.4135 - val_loss: 0.7225 - val_reshape_1_loss: 0.3084 - val_reshape_2_loss: 0.4142

Epoch 00244: saving model to weights.244-0.72.hdf5
Epoch 245/246
13033/13033 - 3813s - loss: 0.7225 - reshape_1_loss: 0.3079 - reshape_2_loss: 0.4146 - val_loss: 0.7226 - val_reshape_1_loss: 0.3084 - val_reshape_2_loss: 0.4142

Epoch 00245: saving model to weights.245-0.72.hdf5
Epoch 246/246
13033/13033 - 3936s - loss: 0.7204 - reshape_1_loss: 0.3069 - reshape_2_loss: 0.4134 - val_loss: 0.7226 - val_reshape_1_loss: 0.3084 - val_reshape_2_loss: 0.4142

Epoch 00246: saving model to weights.246-0.72.hdf5
done running; now save
training: completed
